<?xml version="1.0" encoding="utf-8"?><testsuites name="pytest tests"><testsuite name="pytest" errors="0" failures="1" skipped="0" tests="16" time="4.674" timestamp="2026-04-22T19:14:05.104660+00:00" hostname="agent-env-52371019-2fec-468d-8d35-6fa157a555ea"><testcase classname="backend.tests.test_iteration19_client_detail_tabs.TestClientDetailEndpoint" name="test_client_detail_returns_macro_history_field" time="0.628" /><testcase classname="backend.tests.test_iteration19_client_detail_tabs.TestClientDetailEndpoint" name="test_client_detail_returns_nutrition_stats_field" time="0.153" /><testcase classname="backend.tests.test_iteration19_client_detail_tabs.TestClientDetailEndpoint" name="test_nutrition_stats_has_required_fields" time="0.183" /><testcase classname="backend.tests.test_iteration19_client_detail_tabs.TestClientDetailEndpoint" name="test_nutrition_stats_values_for_clientedemo" time="0.154" /><testcase classname="backend.tests.test_iteration19_client_detail_tabs.TestClientDetailEndpoint" name="test_client_detail_has_profile_with_macros" time="0.128" /><testcase classname="backend.tests.test_iteration19_client_detail_tabs.TestClientDetailEndpoint" name="test_client_detail_has_user_data" time="0.126" /><testcase classname="backend.tests.test_iteration19_client_detail_tabs.TestClientDetailEndpoint" name="test_client_detail_has_routines" time="0.159" /><testcase classname="backend.tests.test_iteration19_client_detail_tabs.TestClientDetailEndpoint" name="test_client_detail_has_payments" time="0.123" /><testcase classname="backend.tests.test_iteration19_client_detail_tabs.TestClientDetailEndpoint" name="test_client_detail_has_reports" time="0.111" /><testcase classname="backend.tests.test_iteration19_client_detail_tabs.TestMacrosUpdateWithHistory" name="test_macros_update_requires_note" time="0.590" /><testcase classname="backend.tests.test_iteration19_client_detail_tabs.TestMacrosUpdateWithHistory" name="test_macros_update_creates_history_entry" time="0.402" /><testcase classname="backend.tests.test_iteration19_client_detail_tabs.TestMacrosUpdateWithHistory" name="test_macros_update_stores_previous_values" time="0.407" /><testcase classname="backend.tests.test_iteration19_client_detail_tabs.TestMacrosUpdateWithHistory" name="test_restore_original_macros" time="0.273" /><testcase classname="backend.tests.test_iteration19_client_detail_tabs.TestClientDetailAuth" name="test_client_detail_requires_auth" time="0.168"><failure message="AssertionError: Expected 401, got 403&#10;assert 403 == 401&#10; +  where 403 = &lt;Response [403]&gt;.status_code">backend/tests/test_iteration19_client_detail_tabs.py:315: in test_client_detail_requires_auth
    assert response.status_code == 401, f"Expected 401, got {response.status_code}"
E   AssertionError: Expected 401, got 403
E   assert 403 == 401
E    +  where 403 = &lt;Response [403]&gt;.status_code</failure></testcase><testcase classname="backend.tests.test_iteration19_client_detail_tabs.TestClientDetailAuth" name="test_client_detail_rejects_client_token" time="0.454" /><testcase classname="backend.tests.test_iteration19_client_detail_tabs.TestClientDetailAuth" name="test_client_detail_404_for_invalid_id" time="0.459" /></testsuite></testsuites>