<?xml version="1.0" encoding="utf-8"?><testsuites name="pytest tests"><testsuite name="pytest" errors="0" failures="0" skipped="0" tests="9" time="35.354" timestamp="2026-03-27T13:39:26.737211+00:00" hostname="agent-env-52371019-2fec-468d-8d35-6fa157a555ea"><testcase classname="backend.tests.test_chatbot.TestChatbotEndpoints" name="test_chatbot_start" time="0.581" /><testcase classname="backend.tests.test_chatbot.TestChatbotEndpoints" name="test_chatbot_configure_training_day" time="0.211" /><testcase classname="backend.tests.test_chatbot.TestChatbotEndpoints" name="test_chatbot_message_c1" time="2.762" /><testcase classname="backend.tests.test_chatbot.TestChatbotEndpoints" name="test_chatbot_complete_meal" time="2.802" /><testcase classname="backend.tests.test_chatbot.TestChatbotEndpoints" name="test_chatbot_complete_empty_meal_rejected" time="0.353" /><testcase classname="backend.tests.test_chatbot.TestChatbotEndpoints" name="test_chatbot_full_day_flow" time="16.195" /><testcase classname="backend.tests.test_chatbot.TestChatbotEndpoints" name="test_chatbot_summary" time="2.833" /><testcase classname="backend.tests.test_chatbot.TestChatbotMacroDistribution" name="test_minimum_quantity_respected" time="3.281" /><testcase classname="backend.tests.test_chatbot.TestChatbotMacroDistribution" name="test_food_rejected_when_minimum_exceeds_remaining" time="6.285" /></testsuite></testsuites>