<?xml version="1.0" encoding="utf-8"?><testsuites name="pytest tests"><testsuite name="pytest" errors="0" failures="0" skipped="0" tests="10" time="4.936" timestamp="2026-04-15T03:48:34.821013+00:00" hostname="agent-env-52371019-2fec-468d-8d35-6fa157a555ea"><testcase classname="backend.tests.test_iteration14.TestSearchEndpointFix" name="test_search_returns_alimentos_key" time="0.518" /><testcase classname="backend.tests.test_iteration14.TestSearchEndpointFix" name="test_search_returns_macros_efectivos" time="0.450" /><testcase classname="backend.tests.test_iteration14.TestSearchEndpointFix" name="test_search_arroz_has_carbs" time="0.498" /><testcase classname="backend.tests.test_iteration14.TestSearchEndpointFix" name="test_search_with_category_filter" time="0.511" /><testcase classname="backend.tests.test_iteration14.TestSearchEndpointFix" name="test_search_with_tipo_comida_intra" time="0.435" /><testcase classname="backend.tests.test_iteration14.TestDietSaveAndRetrieve" name="test_get_today_diet_exists" time="0.489" /><testcase classname="backend.tests.test_iteration14.TestDietSaveAndRetrieve" name="test_diet_has_correct_macros" time="0.447" /><testcase classname="backend.tests.test_iteration14.TestDietSaveAndRetrieve" name="test_diet_consumed_totals" time="0.447" /><testcase classname="backend.tests.test_iteration14.TestDietSaveAndRetrieve" name="test_save_diet_endpoint" time="0.642" /><testcase classname="backend.tests.test_iteration14.TestMacrosEndpoint" name="test_get_macros_rest_day_targets" time="0.424" /></testsuite></testsuites>