<?xml version="1.0" encoding="utf-8"?><testsuites name="pytest tests"><testsuite name="pytest" errors="0" failures="0" skipped="0" tests="11" time="3.382" timestamp="2026-03-13T08:29:13.961625+00:00" hostname="agent-env-52371019-2fec-468d-8d35-6fa157a555ea"><testcase classname="backend.tests.test_fix_1_intra_post.TestAuthentication" name="test_login_success" time="0.373" /><testcase classname="backend.tests.test_fix_1_intra_post.TestFIX7SuggestProteinaFilter" name="test_suggest_paso_proteina_returns_only_protein_categories" time="0.498" /><testcase classname="backend.tests.test_fix_1_intra_post.TestFIX7SuggestProteinaFilter" name="test_suggest_paso_proteina_excludes_carbs_and_fats" time="0.134" /><testcase classname="backend.tests.test_fix_1_intra_post.TestFIX7SuggestProteinaFilter" name="test_suggest_paso_acompanamiento_includes_all_categories" time="0.157" /><testcase classname="backend.tests.test_fix_1_intra_post.TestFIX7SuggestProteinaFilter" name="test_suggest_no_paso_includes_all_categories" time="0.171" /><testcase classname="backend.tests.test_fix_1_intra_post.TestIntraPostTypeFiltering" name="test_suggest_tipo_comida_intra_filters_correctly" time="0.462" /><testcase classname="backend.tests.test_fix_1_intra_post.TestIntraPostTypeFiltering" name="test_suggest_tipo_comida_post_returns_post_categories" time="0.141" /><testcase classname="backend.tests.test_fix_1_intra_post.TestIntraPostTypeFiltering" name="test_search_tipo_comida_intra" time="0.097" /><testcase classname="backend.tests.test_fix_1_intra_post.TestMacrosEfectivosEndpoint" name="test_macros_efectivos_calculates_correctly" time="0.531" /><testcase classname="backend.tests.test_fix_1_intra_post.TestMacrosEfectivosEndpoint" name="test_macros_efectivos_updates_with_quantity_change" time="0.325" /><testcase classname="backend.tests.test_fix_1_intra_post.TestDistributeEndpoint" name="test_distribute_with_intra_post_option" time="0.441" /></testsuite></testsuites>