<?xml version="1.0" encoding="utf-8"?><testsuites name="pytest tests"><testsuite name="pytest" errors="0" failures="0" skipped="0" tests="10" time="2.853" timestamp="2026-04-15T03:22:51.562029+00:00" hostname="agent-env-52371019-2fec-468d-8d35-6fa157a555ea"><testcase classname="backend.tests.test_iteration13.TestAuth" name="test_client_login" time="0.348" /><testcase classname="backend.tests.test_iteration13.TestMacros" name="test_get_macros" time="0.463" /><testcase classname="backend.tests.test_iteration13.TestRoutines" name="test_get_current_routine" time="0.464" /><testcase classname="backend.tests.test_iteration13.TestRoutines" name="test_routine_has_cardio" time="0.153" /><testcase classname="backend.tests.test_iteration13.TestRoutines" name="test_routine_history" time="0.119" /><testcase classname="backend.tests.test_iteration13.TestDiets" name="test_get_today_diet" time="0.436" /><testcase classname="backend.tests.test_iteration13.TestCalculatorDistribute" name="test_distribute_training_day" time="0.444" /><testcase classname="backend.tests.test_iteration13.TestCalculatorDistribute" name="test_distribute_rest_day" time="0.123" /><testcase classname="backend.tests.test_iteration13.TestCalculatorDistribute" name="test_distribute_3_meals" time="0.109" /><testcase classname="backend.tests.test_iteration13.TestHealthEndpoint" name="test_health" time="0.113" /></testsuite></testsuites>