<?xml version="1.0" encoding="utf-8"?><testsuites name="pytest tests"><testsuite name="pytest" errors="0" failures="0" skipped="0" tests="12" time="5.222" timestamp="2026-04-22T02:59:51.954774+00:00" hostname="agent-env-52371019-2fec-468d-8d35-6fa157a555ea"><testcase classname="backend.tests.test_iteration15.TestJG12Iteration15" name="test_calendar_endpoint_returns_200" time="0.519" /><testcase classname="backend.tests.test_iteration15.TestJG12Iteration15" name="test_calendar_returns_days_dict" time="0.480" /><testcase classname="backend.tests.test_iteration15.TestJG12Iteration15" name="test_calendar_shows_partial_diet_for_april_15" time="0.454" /><testcase classname="backend.tests.test_iteration15.TestJG12Iteration15" name="test_pdf_export_returns_200_for_existing_diet" time="0.477" /><testcase classname="backend.tests.test_iteration15.TestJG12Iteration15" name="test_pdf_export_returns_404_for_nonexistent_date" time="0.492" /><testcase classname="backend.tests.test_iteration15.TestJG12Iteration15" name="test_pdf_export_content_disposition_header" time="0.457" /><testcase classname="backend.tests.test_iteration15.TestJG12Iteration15" name="test_routines_current_endpoint_exists" time="0.448" /><testcase classname="backend.tests.test_iteration15.TestJG12Iteration15" name="test_routines_current_has_days_array" time="0.447" /><testcase classname="backend.tests.test_iteration15.TestJG12Iteration15" name="test_diet_exists_for_april_15" time="0.448" /><testcase classname="backend.tests.test_iteration15.TestJG12Iteration15" name="test_diet_april_12_exists" time="0.445" /><testcase classname="backend.tests.test_iteration15.TestAuthAndBasicEndpoints" name="test_login_client_user" time="0.354" /><testcase classname="backend.tests.test_iteration15.TestAuthAndBasicEndpoints" name="test_health_endpoint" time="0.146" /></testsuite></testsuites>