<?xml version="1.0" encoding="utf-8"?><testsuites name="pytest tests"><testsuite name="pytest" errors="0" failures="0" skipped="0" tests="18" time="5.821" timestamp="2026-04-13T03:51:48.769231+00:00" hostname="agent-env-52371019-2fec-468d-8d35-6fa157a555ea"><testcase classname="tests.test_target_calculator.TestTargetCalculatorCanonical" name="test_canonical_hombre_80kg_20bf_volumen" time="0.614" /><testcase classname="tests.test_target_calculator.TestTargetCalculatorMujer" name="test_mujer_60kg_25bf_definicion" time="0.481" /><testcase classname="tests.test_target_calculator.TestTargetCalculatorSnapping" name="test_peso_intermedio_82kg_snap_to_80" time="0.457" /><testcase classname="tests.test_target_calculator.TestTargetCalculatorSnapping" name="test_bf_intermedio_22_snap_to_20" time="0.111" /><testcase classname="tests.test_target_calculator.TestTargetCalculatorSnapping" name="test_peso_fuera_rango_alto_130kg_snap_to_120" time="0.110" /><testcase classname="tests.test_target_calculator.TestTargetCalculatorSnapping" name="test_peso_fuera_rango_bajo_55kg_snap_to_60" time="0.113" /><testcase classname="tests.test_target_calculator.TestTargetCalculatorSnapping" name="test_mujer_peso_bajo_45kg_snap_to_50" time="0.138" /><testcase classname="tests.test_target_calculator.TestTargetCalculatorSnapping" name="test_bf_fuera_rango_bajo_8_snap_to_10" time="0.104" /><testcase classname="tests.test_target_calculator.TestTargetCalculatorApply" name="test_apply_targets_to_profile" time="0.448" /><testcase classname="tests.test_target_calculator.TestTargetCalculatorApply" name="test_verify_macros_after_apply" time="0.214" /><testcase classname="tests.test_target_calculator.TestTargetCalculatorChatbot" name="test_chatbot_reads_auto_macros" time="0.563" /><testcase classname="tests.test_target_calculator.TestTargetCalculatorInternalTests" name="test_internal_engine_tests" time="0.456" /><testcase classname="tests.test_target_calculator.TestTargetCalculatorInvariant" name="test_invariant_p_g_same_h_different" time="0.561" /><testcase classname="tests.test_target_calculator.TestTargetCalculatorValidation" name="test_missing_required_fields" time="0.435" /><testcase classname="tests.test_target_calculator.TestTargetCalculatorValidation" name="test_invalid_sexo" time="0.107" /><testcase classname="tests.test_target_calculator.TestTargetCalculatorValidation" name="test_invalid_objetivo" time="0.107" /><testcase classname="tests.test_target_calculator.TestTargetCalculatorValidation" name="test_objetivo_with_accent" time="0.148" /><testcase classname="tests.test_target_calculator.TestTargetCalculatorDerivation" name="test_masa_trabajo_calculation" time="0.458" /></testsuite></testsuites>