<?xml version="1.0" encoding="utf-8"?><testsuites name="pytest tests"><testsuite name="pytest" errors="0" failures="0" skipped="0" tests="9" time="2.041" timestamp="2026-04-22T17:17:30.365402+00:00" hostname="agent-env-52371019-2fec-468d-8d35-6fa157a555ea"><testcase classname="backend.tests.test_iteration16.TestFoodsCount" name="test_foods_count_returns_3110" time="0.497" /><testcase classname="backend.tests.test_iteration16.TestSearchEndpoint" name="test_search_pollo_returns_foods_with_macros" time="0.137" /><testcase classname="backend.tests.test_iteration16.TestSearchEndpoint" name="test_search_arroz_returns_carbs" time="0.139" /><testcase classname="backend.tests.test_iteration16.TestSearchEndpoint" name="test_search_whey_returns_protein" time="0.140" /><testcase classname="backend.tests.test_iteration16.TestSearchFrequencyOrdering" name="test_category_search_ordered_by_frequency_for_clientedemo" time="0.156" /><testcase classname="backend.tests.test_iteration16.TestSearchFrequencyOrdering" name="test_category_search_alphabetical_for_client_without_diets" time="0.476" /><testcase classname="backend.tests.test_iteration16.TestSearchWithCategory" name="test_search_empty_query_with_category" time="0.130" /><testcase classname="backend.tests.test_iteration16.TestSearchWithCategory" name="test_search_protein_category" time="0.114" /><testcase classname="backend.tests.test_iteration16.TestSearchResponseStructure" name="test_search_response_has_required_fields" time="0.141" /></testsuite></testsuites>