<?xml version="1.0" encoding="utf-8"?><testsuites name="pytest tests"><testsuite name="pytest" errors="0" failures="0" skipped="0" tests="12" time="2.355" timestamp="2026-03-12T15:43:57.413136+00:00" hostname="agent-env-9b57b4c4-4da3-4f34-9ff4-915008974877"><testcase classname="backend.tests.test_food_search.TestAccentNormalization" name="test_search_atun_finds_atun_with_accent" time="0.536" /><testcase classname="backend.tests.test_food_search.TestAccentNormalization" name="test_search_jamon_finds_jamon_with_accent" time="0.138" /><testcase classname="backend.tests.test_food_search.TestAccentNormalization" name="test_search_salmon_finds_salmon_with_accent" time="0.154" /><testcase classname="backend.tests.test_food_search.TestEffectiveMacros" name="test_search_returns_macros_efectivos" time="0.180" /><testcase classname="backend.tests.test_food_search.TestEffectiveMacros" name="test_arroz_only_counts_hidratos" time="0.133" /><testcase classname="backend.tests.test_food_search.TestEffectiveMacros" name="test_pechuga_low_fat_not_counted" time="0.261" /><testcase classname="backend.tests.test_food_search.TestSearchLimit" name="test_search_limit_is_50" time="0.163" /><testcase classname="backend.tests.test_food_search.TestCategoryFiltering" name="test_filter_by_category_2_carnes" time="0.145" /><testcase classname="backend.tests.test_food_search.TestCategoryFiltering" name="test_filter_by_category_21_arroces" time="0.144" /><testcase classname="backend.tests.test_food_search.TestRacionDisplay" name="test_racion_varies_per_food" time="0.148" /><testcase classname="backend.tests.test_food_search.TestQueCuentaField" name="test_search_returns_que_cuenta" time="0.121" /><testcase classname="backend.tests.test_food_search.TestCategories" name="test_get_categories" time="0.116" /></testsuite></testsuites>