<?xml version="1.0" encoding="utf-8"?><testsuites name="pytest tests"><testsuite name="pytest" errors="0" failures="0" skipped="0" tests="16" time="7.327" timestamp="2026-04-22T17:57:17.063576+00:00" hostname="agent-env-52371019-2fec-468d-8d35-6fa157a555ea"><testcase classname="backend.tests.test_iteration18_admin_dashboard.TestAdminAuth" name="test_admin_login_success" time="0.497" /><testcase classname="backend.tests.test_iteration18_admin_dashboard.TestAdminAuth" name="test_client_login_success" time="0.331" /><testcase classname="backend.tests.test_iteration18_admin_dashboard.TestDashboardStatsEndpoint" name="test_dashboard_stats_returns_all_kpis" time="0.484" /><testcase classname="backend.tests.test_iteration18_admin_dashboard.TestDashboardStatsEndpoint" name="test_dashboard_stats_plans_structure" time="0.506" /><testcase classname="backend.tests.test_iteration18_admin_dashboard.TestDashboardStatsEndpoint" name="test_dashboard_stats_values_match_expected" time="0.544" /><testcase classname="backend.tests.test_iteration18_admin_dashboard.TestDashboardStatsEndpoint" name="test_dashboard_stats_plan_distribution" time="0.489" /><testcase classname="backend.tests.test_iteration18_admin_dashboard.TestDashboardStatsEndpoint" name="test_dashboard_stats_requires_admin_auth" time="0.437" /><testcase classname="backend.tests.test_iteration18_admin_dashboard.TestDashboardStatsEndpoint" name="test_dashboard_stats_no_auth_rejected" time="0.129" /><testcase classname="backend.tests.test_iteration18_admin_dashboard.TestUpcomingPaymentsEndpoint" name="test_upcoming_payments_returns_structure" time="0.439" /><testcase classname="backend.tests.test_iteration18_admin_dashboard.TestUpcomingPaymentsEndpoint" name="test_upcoming_payments_item_structure" time="0.462" /><testcase classname="backend.tests.test_iteration18_admin_dashboard.TestUpcomingPaymentsEndpoint" name="test_upcoming_payments_empty_expected" time="0.637" /><testcase classname="backend.tests.test_iteration18_admin_dashboard.TestUpcomingPaymentsEndpoint" name="test_upcoming_payments_requires_admin_auth" time="0.496" /><testcase classname="backend.tests.test_iteration18_admin_dashboard.TestLegacyDashboardEndpoint" name="test_legacy_dashboard_still_works" time="0.440" /><testcase classname="backend.tests.test_iteration18_admin_dashboard.TestLegacyDashboardEndpoint" name="test_legacy_dashboard_has_clients_by_plan" time="0.460" /><testcase classname="backend.tests.test_iteration18_admin_dashboard.TestAdminClientsEndpoint" name="test_admin_clients_returns_list" time="0.450" /><testcase classname="backend.tests.test_iteration18_admin_dashboard.TestAdminClientsEndpoint" name="test_admin_clients_has_user_details" time="0.453" /></testsuite></testsuites>