<?xml version="1.0" encoding="utf-8"?><testsuites name="pytest tests"><testsuite name="pytest" errors="0" failures="0" skipped="0" tests="11" time="3.557" timestamp="2026-03-13T03:18:50.548151+00:00" hostname="agent-env-9b57b4c4-4da3-4f34-9ff4-915008974877"><testcase classname="backend.tests.test_f1_4_diet_features.TestAuthentication" name="test_login_success" time="0.385" /><testcase classname="backend.tests.test_f1_4_diet_features.TestDietsRecentEndpoint" name="test_get_recent_diets_endpoint_exists" time="0.464" /><testcase classname="backend.tests.test_f1_4_diet_features.TestDietsRecentEndpoint" name="test_get_recent_diets_returns_valid_structure" time="0.110" /><testcase classname="backend.tests.test_f1_4_diet_features.TestDietsRecentEndpoint" name="test_recent_diets_limit_parameter" time="0.117" /><testcase classname="backend.tests.test_f1_4_diet_features.TestDietsRecentEndpoint" name="test_recent_diets_entries_have_required_fields" time="0.119" /><testcase classname="backend.tests.test_f1_4_diet_features.TestDietSaveAndLoad" name="test_save_diet" time="0.579" /><testcase classname="backend.tests.test_f1_4_diet_features.TestDietSaveAndLoad" name="test_load_diet_nonexistent" time="0.116" /><testcase classname="backend.tests.test_f1_4_diet_features.TestMacrosCalculation" name="test_macros_efectivos_calculation" time="0.478" /><testcase classname="backend.tests.test_f1_4_diet_features.TestMacrosCalculation" name="test_macros_change_with_quantity" time="0.214" /><testcase classname="backend.tests.test_f1_4_diet_features.TestDistribution" name="test_distribute_macros" time="0.433" /><testcase classname="backend.tests.test_f1_4_diet_features.TestFoodSearch" name="test_search_foods_by_category" time="0.473" /></testsuite></testsuites>