<?xml version="1.0" encoding="utf-8"?><testsuites name="pytest tests"><testsuite name="pytest" errors="0" failures="0" skipped="0" tests="19" time="7.234" timestamp="2026-04-22T19:33:37.649704+00:00" hostname="agent-env-52371019-2fec-468d-8d35-6fa157a555ea"><testcase classname="backend.tests.test_iteration20_leads.TestLeadsAuthProtection" name="test_get_leads_requires_auth" time="0.516" /><testcase classname="backend.tests.test_iteration20_leads.TestLeadsAuthProtection" name="test_post_leads_requires_auth" time="0.115" /><testcase classname="backend.tests.test_iteration20_leads.TestLeadsAuthProtection" name="test_webhook_ghl_no_auth_required" time="0.150" /><testcase classname="backend.tests.test_iteration20_leads.TestLeadsCRUD" name="test_create_lead" time="0.120" /><testcase classname="backend.tests.test_iteration20_leads.TestLeadsCRUD" name="test_create_lead_requires_name" time="0.116" /><testcase classname="backend.tests.test_iteration20_leads.TestLeadsCRUD" name="test_get_all_leads" time="0.113" /><testcase classname="backend.tests.test_iteration20_leads.TestLeadsCRUD" name="test_get_lead_by_id" time="0.245" /><testcase classname="backend.tests.test_iteration20_leads.TestLeadsCRUD" name="test_update_lead_status" time="0.258" /><testcase classname="backend.tests.test_iteration20_leads.TestLeadsCRUD" name="test_update_lead_notes" time="0.228" /><testcase classname="backend.tests.test_iteration20_leads.TestLeadsCRUD" name="test_update_lead_invalid_status" time="0.232" /><testcase classname="backend.tests.test_iteration20_leads.TestLeadsCRUD" name="test_delete_lead" time="0.376" /><testcase classname="backend.tests.test_iteration20_leads.TestLeadsConvert" name="test_convert_lead_success" time="0.616" /><testcase classname="backend.tests.test_iteration20_leads.TestLeadsConvert" name="test_convert_lead_without_email_fails" time="0.249" /><testcase classname="backend.tests.test_iteration20_leads.TestLeadsConvert" name="test_convert_already_converted_fails" time="0.605" /><testcase classname="backend.tests.test_iteration20_leads.TestLeadsWebhook" name="test_webhook_ghl_creates_lead" time="0.331" /><testcase classname="backend.tests.test_iteration20_leads.TestLeadsWebhook" name="test_webhook_ghl_sets_source_ghl" time="0.247" /><testcase classname="backend.tests.test_iteration20_leads.TestLeadsWebhook" name="test_webhook_ghl_sets_status_nuevo" time="0.279" /><testcase classname="backend.tests.test_iteration20_leads.TestLeadsStats" name="test_get_stats_summary" time="0.115" /><testcase classname="backend.tests.test_iteration20_leads.TestExistingSeedData" name="test_seed_leads_exist" time="2.235" /></testsuite></testsuites>