<?xml version="1.0" encoding="utf-8"?><testsuites name="pytest tests"><testsuite name="pytest" errors="0" failures="0" skipped="0" tests="8" time="3.826" timestamp="2026-04-24T03:39:42.973303+00:00" hostname="agent-env-52371019-2fec-468d-8d35-6fa157a555ea"><testcase classname="backend.tests.test_iteration21_nutrition_units.TestNutritionSearchAPI" name="test_search_manzana_returns_unit_foods" time="0.490" /><testcase classname="backend.tests.test_iteration21_nutrition_units.TestNutritionSearchAPI" name="test_search_aceite_returns_unit_foods" time="0.468" /><testcase classname="backend.tests.test_iteration21_nutrition_units.TestNutritionSearchAPI" name="test_search_pollo_returns_gram_foods" time="0.470" /><testcase classname="backend.tests.test_iteration21_nutrition_units.TestNutritionSearchAPI" name="test_search_huevos_returns_unit_foods" time="0.466" /><testcase classname="backend.tests.test_iteration21_nutrition_units.TestNutritionSearchAPI" name="test_search_arroz_returns_gram_foods" time="0.455" /><testcase classname="backend.tests.test_iteration21_nutrition_units.TestMacrosEfectivosAPI" name="test_macros_efectivos_for_unit_food" time="0.435" /><testcase classname="backend.tests.test_iteration21_nutrition_units.TestMacrosEfectivosAPI" name="test_macros_efectivos_for_gram_food" time="0.436" /><testcase classname="backend.tests.test_iteration21_nutrition_units.TestDietSaveAPI" name="test_save_diet_with_unit_food" time="0.540" /></testsuite></testsuites>