<?xml version="1.0" encoding="utf-8"?><testsuites name="pytest tests"><testsuite name="pytest" errors="0" failures="0" skipped="0" tests="9" time="2.820" timestamp="2026-04-15T02:59:46.914219+00:00" hostname="agent-env-52371019-2fec-468d-8d35-6fa157a555ea"><testcase classname="backend.tests.test_iteration12.TestAuth" name="test_client_login" time="0.410" /><testcase classname="backend.tests.test_iteration12.TestDietsEndpoint" name="test_get_diet_today_no_diet" time="0.446" /><testcase classname="backend.tests.test_iteration12.TestDietsEndpoint" name="test_get_diet_past_date_no_diet" time="0.121" /><testcase classname="backend.tests.test_iteration12.TestDistributeEndpoint" name="test_distribute_training_day" time="0.440" /><testcase classname="backend.tests.test_iteration12.TestDistributeEndpoint" name="test_distribute_rest_day" time="0.127" /><testcase classname="backend.tests.test_iteration12.TestDistributeEndpoint" name="test_distribute_3_meals" time="0.112" /><testcase classname="backend.tests.test_iteration12.TestRoutinesEndpoint" name="test_get_current_routine_no_routine" time="0.477" /><testcase classname="backend.tests.test_iteration12.TestRoutinesEndpoint" name="test_get_routine_history" time="0.105" /><testcase classname="backend.tests.test_iteration12.TestMacrosEndpoint" name="test_get_macros" time="0.455" /></testsuite></testsuites>