<?xml version="1.0" encoding="utf-8"?><testsuites name="pytest tests"><testsuite name="pytest" errors="0" failures="0" skipped="0" tests="8" time="1.784" timestamp="2026-03-13T02:35:09.802799+00:00" hostname="agent-env-9b57b4c4-4da3-4f34-9ff4-915008974877"><testcase classname="backend.tests.test_build_meal_f1_3.TestSuggestEndpointWithPaso" name="test_suggest_with_paso_proteina" time="0.495" /><testcase classname="backend.tests.test_build_meal_f1_3.TestSuggestEndpointWithPaso" name="test_suggest_with_paso_acompanamiento" time="0.168" /><testcase classname="backend.tests.test_build_meal_f1_3.TestSuggestEndpointWithPaso" name="test_suggest_without_paso" time="0.186" /><testcase classname="backend.tests.test_build_meal_f1_3.TestSuggestEndpointWithPaso" name="test_suggest_with_excluir_ids" time="0.301" /><testcase classname="backend.tests.test_build_meal_f1_3.TestSearchEndpointWithTag" name="test_search_with_tag_gen" time="0.127" /><testcase classname="backend.tests.test_build_meal_f1_3.TestSearchEndpointWithTag" name="test_search_with_category" time="0.122" /><testcase classname="backend.tests.test_build_meal_f1_3.TestAdjustEndpoint" name="test_adjust_calculates_quantity" time="0.169" /><testcase classname="backend.tests.test_build_meal_f1_3.TestDistributeEndpoint" name="test_distribute_entrenamiento" time="0.144" /></testsuite></testsuites>