<?xml version="1.0" encoding="utf-8"?><testsuites name="pytest tests"><testsuite name="pytest" errors="0" failures="0" skipped="0" tests="9" time="4.384" timestamp="2026-04-22T17:36:08.450187+00:00" hostname="agent-env-52371019-2fec-468d-8d35-6fa157a555ea"><testcase classname="backend.tests.test_iteration17_favorites.TestFavoritesAPI" name="test_get_favorites_returns_list" time="0.522" /><testcase classname="backend.tests.test_iteration17_favorites.TestFavoritesAPI" name="test_add_favorite_returns_updated_list" time="0.509" /><testcase classname="backend.tests.test_iteration17_favorites.TestFavoritesAPI" name="test_add_favorite_no_duplicates" time="0.515" /><testcase classname="backend.tests.test_iteration17_favorites.TestFavoritesAPI" name="test_remove_favorite_returns_updated_list" time="0.447" /><testcase classname="backend.tests.test_iteration17_favorites.TestSearchWithFavorites" name="test_search_shows_is_favorite_field" time="0.404" /><testcase classname="backend.tests.test_iteration17_favorites.TestSearchWithFavorites" name="test_search_favorites_marked_correctly" time="0.461" /><testcase classname="backend.tests.test_iteration17_favorites.TestSearchWithFavorites" name="test_search_sorts_favorites_first" time="0.510" /><testcase classname="backend.tests.test_iteration17_favorites.TestFavoritesEdgeCases" name="test_remove_nonexistent_favorite" time="0.381" /><testcase classname="backend.tests.test_iteration17_favorites.TestFavoritesEdgeCases" name="test_add_multiple_favorites" time="0.571" /></testsuite></testsuites>